C51 COMPILER V9.52.0.0   GPRS                                                              02/09/2018 16:03:50 PAGE 1   


C51 COMPILER V9.52.0.0, COMPILATION OF MODULE GPRS
OBJECT MODULE PLACED IN gprs.OBJ
COMPILER INVOKED BY: D:\Software\Development\Hardware\Coder\Keli 51\c51v952\C51\BIN\C51.EXE gprs.c LARGE BROWSE DEBUG OB
                    -JECTEXTEND TABS(2)

line level    source

   1          #include "sys.h"
   2          
   3          char rcv_sim[MAXRCV];
   4          uchar SimRcvCnt = 0;
   5          
   6          /************串行口2 SIM中断处理函数*************/
   7          void UART_2Interrupt(void) interrupt 8
   8          {
   9   1              char tmp;
  10   1      //        P0_1 = 1;   // test
  11   1              IE2 = 0x00;   //关闭串口2中断//ES2 = 0;
  12   1        
  13   1      // 串口2接受到了数据
  14   1              if(S2RI)
  15   1              {
  16   2                      
  17   2                      S2CON &= ~S2RI;
  18   2                      tmp = S2BUF;
  19   2                      
  20   2                      rcv_sim[SimRcvCnt] = tmp; //把这次的数据装入数组等检验
  21   2                      SimRcvCnt++;
  22   2                
  23   2                      if(SimRcvCnt > MAXRCV)
  24   2                      {
  25   3                          SimRcvCnt = 0;
  26   3                      }
  27   2                      
  28   2              } 
  29   1              
  30   1              IE2 = 0x01;       //打开串口2中断 ES2 = 1;
  31   1      }
  32          
  33          /***************************GPRS接收缓冲数据初始化函数***************/
  34          /*函数原型:void CleanGsmRcv(void)
  35          /*函数功能:将GsmRcv[]数据清除，并且使缓冲指针移到第一位。
  36          /*输入参数:无
  37          /*输出参数:无
  38          /********************************************************************/
  39          void CleanSimRcv(void)
  40          {
  41   1        uchar i = 0;
  42   1        for(i=0; i<=MAXRCV; i++)
  43   1        {
  44   2          rcv_sim[i] = 0; 
  45   2        }
  46   1      
  47   1        SimRcvCnt = 0;  
  48   1      }
  49          
  50          /***************************GPRS缓冲数据握手函数***************/
  51          /*函数原型:bit Hand(unsigned char *a)
  52          /*函数功能:判断收到的数据是否出现判断的数据。
  53          /*输入参数:判断出现的数据
  54          /*输出参数: 1:出现了判断的数据
C51 COMPILER V9.52.0.0   GPRS                                                              02/09/2018 16:03:50 PAGE 2   

  55                0:没有出现判断的数据
  56          /********************************************************************/
  57          bit Hand(unsigned char *a)
  58          { 
  59   1        if(strstr(rcv_sim,a)!=NULL)
  60   1          return 1;
  61   1        else
  62   1          return 0;
  63   1      }


MODULE INFORMATION:   STATIC OVERLAYABLE
   CODE SIZE        =    130    ----
   CONSTANT SIZE    =   ----    ----
   XDATA SIZE       =     71       3
   PDATA SIZE       =   ----    ----
   DATA SIZE        =   ----    ----
   IDATA SIZE       =   ----    ----
   BIT SIZE         =   ----    ----
END OF MODULE INFORMATION.


C51 COMPILATION COMPLETE.  0 WARNING(S),  0 ERROR(S)
