C51 COMPILER V9.52.0.0   UART                                                              02/09/2018 16:03:50 PAGE 1   


C51 COMPILER V9.52.0.0, COMPILATION OF MODULE UART
OBJECT MODULE PLACED IN uart.OBJ
COMPILER INVOKED BY: D:\Software\Development\Hardware\Coder\Keli 51\c51v952\C51\BIN\C51.EXE uart.c LARGE BROWSE DEBUG OB
                    -JECTEXTEND TABS(2)

line level    source

   1          #include "sys.h"
   2          
   3          /****************串行口初始化函数****************/
   4          /* 串行口1打开但中断关闭
   5          /* 串行口2打开并开始接收数据*/
   6          void InitUART(void)
   7          {
   8   1      // UART 1
   9   1      /*    TMOD = 0x20;    //定时器1工作在方式2  8位自动重装
  10   1          SCON = 0x40;    //串口1工作在方式1   10位异步收发 REN=0禁止接收
  11   1          TH1 = 0x40;     //定时器1初值
  12   1          TR1 = 1;        //定时器1开始计数
  13   1          ES = 0;         //关串口1中断 */
  14   1        
  15   1          SCON = 0x40;    //串口1工作在方式1   10位异步收发 REN=0禁止接收
  16   1          
  17   1      // UART 2
  18   1          S2CON = 0x50;   //串口2工作在方式1：2^S2SMODE*溢出率/32 ： S2REN=1接收
  19   1          BRT = 0xFA;     //独立波特率发生器初值  BAUD：9600
  20   1          AUXR = 0x11;    //BRTR=1 独立波特率发生器开始计数   T1x12=0 ; BRTx12=0 ；S2SMODE=0 ; S1BRS=1 : Serial 1
             - use BRT
  21   1          IE2 = 0x01;     //开串口2中断  ES2=1
  22   1      
  23   1          EA =1;          //开总中断
  24   1      }
  25          
  26          /****************串行口1发送****************/
  27          void UART_1SendOneByte(unsigned char c)
  28          {
  29   1          SBUF = c;
  30   1          while(!TI);           //若TI=0，在此等待
  31   1          TI = 0;         
  32   1      }
  33          /****************串行口2发送****************/
  34          void UART_2SendOneByte(unsigned char c)
  35          {
  36   1          S2BUF = c;
  37   1          while(!(S2CON&S2TI));  //若S2TI=0，在此等待
  38   1          S2CON&=~S2TI;          //S2TI=0
  39   1      }
  40          
  41          /***************************串口2发送字符串函数**********************/
  42          /*函数原型:void Uart2SendStr(char* data_at)
  43          /*函数功能:串口2发送函数，发送字符串
  44          /*输入参数:字符串指针
  45          /*输出参数:无
  46          /********************************************************************/
  47          void Uart2SendStr(char* data_at)
  48          {
  49   1        while(*data_at)
  50   1        {
  51   2          UART_2SendOneByte(*data_at++);  
  52   2        }
  53   1      }
C51 COMPILER V9.52.0.0   UART                                                              02/09/2018 16:03:50 PAGE 2   

  54          
  55          
  56          /***************************串口1发送字符串函数**********************/
  57          /*函数原型:void Uart1SendStr(char* data_at)
  58          /*函数功能:串口2发送函数，发送字符串
  59          /*输入参数:字符串指针
  60          /*输出参数:无
  61          /********************************************************************/
  62          void Uart1SendStr(char* data_at)
  63          {
  64   1        while(*data_at)
  65   1        {
  66   2          UART_1SendOneByte(*data_at++);  
  67   2        }
  68   1      }


MODULE INFORMATION:   STATIC OVERLAYABLE
   CODE SIZE        =    139    ----
   CONSTANT SIZE    =   ----    ----
   XDATA SIZE       =   ----       6
   PDATA SIZE       =   ----    ----
   DATA SIZE        =   ----    ----
   IDATA SIZE       =   ----    ----
   BIT SIZE         =   ----    ----
END OF MODULE INFORMATION.


C51 COMPILATION COMPLETE.  0 WARNING(S),  0 ERROR(S)
